VirtualBox XPCOM Server 4.3.30_SUSE r101610 linux.amd64 (openSUSE Buildservice) release log
00:00:00.000120 main     Log opened 2015-09-19T10:45:01.514339000Z
00:00:00.000122 main     Build Type: release
00:00:00.000124 main     OS Product: Linux
00:00:00.000125 main     OS Release: 3.16.7-24-desktop
00:00:00.000125 main     OS Version: #1 SMP PREEMPT Mon Aug 3 14:37:06 UTC 2015 (ec183cc)
00:00:00.000142 main     DMI Product Name: HP EliteBook 840 G2
00:00:00.000146 main     DMI Product Version: A3008C510003
00:00:00.000209 main     Host RAM: 7874MB total, 7307MB available
00:00:00.000211 main     Executable: /usr/lib/virtualbox/VBoxSVC
00:00:00.000211 main     Process ID: 4440
00:00:00.000212 main     Package type: LINUX_64BITS_GENERIC (OSE)
00:00:00.121274 nspr-2   Home directory: '/home/ungaro_l/.config/VirtualBox'
00:00:00.148824 nspr-2   HostDnsMonitor: old information
00:00:00.148836 nspr-2     no server entries
00:00:00.148839 nspr-2     no search string entries
00:00:00.148841 nspr-2     no domain set
00:00:00.148843 nspr-2   HostDnsMonitor: new information
00:00:00.148844 nspr-2     server 1: 192.168.1.1
00:00:00.148846 nspr-2     search string 1: home
00:00:00.148848 nspr-2     domain: home
00:00:00.148851 nspr-2   HostDnsMonitorProxy::notify
00:00:00.148877 nspr-2   Failed to open "/dev/vboxdrvu", errno=13, rc=VERR_VM_DRIVER_NOT_ACCESSIBLE
00:00:00.157654 nspr-2   VDInit finished
00:00:00.158283 nspr-2   ERROR [COM]: aRC=NS_ERROR_FAILURE (0x80004005) aIID={1254a96a-ae57-4484-946a-22d86c1f98af} aComponent={SystemProperties} aText={Cannot determine default Guest Additions ISO location. Most likely they are not available}, preserve=false
00:00:00.162776 nspr-2   Failed to open "/dev/vboxdrvu", errno=13, rc=VERR_VM_DRIVER_NOT_ACCESSIBLE
00:00:05.322284 Watcher  ERROR [COM]: aRC=E_ACCESSDENIED (0x80070005) aIID={fafa4e17-1ee2-4905-a10e-fe7c18bf5554} aComponent={VirtualBox} aText={The object is not ready}, preserve=false
